<?xml version="1.0" encoding="UTF-8"?>
<!-- Generated by org.testng.reporters.JUnitXMLReporter -->
<testsuite hostname="MDs-MacBook-Air.fios-router.home" ignored="0" name="Test1" tests="10" failures="0" timestamp="2019-12-03T22:27:39 EST" time="40.041" errors="0">
  <testcase name="AddToCart" time="28.021" classname="AmazonTest.amazonCartTest"/>
  <testcase name="AzHomepage" time="0.006" classname="AmazonTest.AmazonHomepage$AmazonHmPage"/>
  <testcase name="AzLogin" time="0.004" classname="AmazonTest.AmazonHomepage$AmazonHmPage"/>
  <testcase name="amazonlogoTest" time="0.002" classname="AmazonTest.AmazonHomepage$AmazonHmPage"/>
  <testcase name="demo" time="0.003" classname="AmazonTest.AmazonHomepage$AmazonHmPage"/>
  <testcase name="demo2" time="0.002" classname="AmazonTest.AmazonHomepage$AmazonHmPage"/>
  <testcase name="demo3" time="0.002" classname="AmazonTest.AmazonHomepage$AmazonHmPage"/>
  <testcase name="demo4" time="0.002" classname="AmazonTest.AmazonHomepage$AmazonHmPage"/>
  <testcase name="tittle" time="0.018" classname="AmazonTest.AmazonHomepage$AmazonHmPage"/>
  <testcase name="azSignIn" time="1.075" classname="AmazonTest.AmazonSignin"/>
</testsuite> <!-- Test1 -->
