<?xml version="1.0" encoding="UTF-8"?>
<testng-results skipped="0" failed="0" ignored="0" total="10" passed="10">
  <reporter-output>
  </reporter-output>
  <suite name="testng" duration-ms="41795" started-at="2019-11-24T02:08:08 EST" finished-at="2019-11-24T02:08:50 EST">
    <groups>
      <group name="Random">
        <method signature="AmazonHomepage$AmazonHmPage.AzHomepage()[pri:0, instance:AmazonTest.AmazonHomepage$AmazonHmPage@1f36e637]" name="AzHomepage" class="AmazonTest.AmazonHomepage$AmazonHmPage"/>
        <method signature="AmazonHomepage$AmazonHmPage.amazonlogoTest()[pri:0, instance:AmazonTest.AmazonHomepage$AmazonHmPage@1f36e637]" name="amazonlogoTest" class="AmazonTest.AmazonHomepage$AmazonHmPage"/>
        <method signature="AmazonHomepage$AmazonHmPage.demo()[pri:0, instance:AmazonTest.AmazonHomepage$AmazonHmPage@1f36e637]" name="demo" class="AmazonTest.AmazonHomepage$AmazonHmPage"/>
        <method signature="AmazonHomepage$AmazonHmPage.demo2()[pri:0, instance:AmazonTest.AmazonHomepage$AmazonHmPage@1f36e637]" name="demo2" class="AmazonTest.AmazonHomepage$AmazonHmPage"/>
        <method signature="AmazonHomepage$AmazonHmPage.demo3()[pri:0, instance:AmazonTest.AmazonHomepage$AmazonHmPage@1f36e637]" name="demo3" class="AmazonTest.AmazonHomepage$AmazonHmPage"/>
        <method signature="AmazonHomepage$AmazonHmPage.demo4()[pri:0, instance:AmazonTest.AmazonHomepage$AmazonHmPage@1f36e637]" name="demo4" class="AmazonTest.AmazonHomepage$AmazonHmPage"/>
        <method signature="AmazonHomepage$AmazonHmPage.tittle()[pri:0, instance:AmazonTest.AmazonHomepage$AmazonHmPage@1f36e637]" name="tittle" class="AmazonTest.AmazonHomepage$AmazonHmPage"/>
        <method signature="amazonCartTest.AddToCart()[pri:0, instance:AmazonTest.amazonCartTest@2758fe70]" name="AddToCart" class="AmazonTest.amazonCartTest"/>
      </group> <!-- Random -->
      <group name="Regression">
        <method signature="AmazonHomepage$AmazonHmPage.AzHomepage()[pri:0, instance:AmazonTest.AmazonHomepage$AmazonHmPage@1f36e637]" name="AzHomepage" class="AmazonTest.AmazonHomepage$AmazonHmPage"/>
        <method signature="AmazonHomepage$AmazonHmPage.AzLogin()[pri:0, instance:AmazonTest.AmazonHomepage$AmazonHmPage@1f36e637]" name="AzLogin" class="AmazonTest.AmazonHomepage$AmazonHmPage"/>
        <method signature="amazonCartTest.AddToCart()[pri:0, instance:AmazonTest.amazonCartTest@2758fe70]" name="AddToCart" class="AmazonTest.amazonCartTest"/>
      </group> <!-- Regression -->
      <group name="Smoke">
        <method signature="AmazonHomepage$AmazonHmPage.AzHomepage()[pri:0, instance:AmazonTest.AmazonHomepage$AmazonHmPage@1f36e637]" name="AzHomepage" class="AmazonTest.AmazonHomepage$AmazonHmPage"/>
        <method signature="AmazonHomepage$AmazonHmPage.AzLogin()[pri:0, instance:AmazonTest.AmazonHomepage$AmazonHmPage@1f36e637]" name="AzLogin" class="AmazonTest.AmazonHomepage$AmazonHmPage"/>
        <method signature="AmazonSignin.azSignIn()[pri:0, instance:AmazonTest.AmazonSignin@578486a3]" name="azSignIn" class="AmazonTest.AmazonSignin"/>
        <method signature="amazonCartTest.AddToCart()[pri:0, instance:AmazonTest.amazonCartTest@2758fe70]" name="AddToCart" class="AmazonTest.amazonCartTest"/>
      </group> <!-- Smoke -->
    </groups>
    <test name="Test1" duration-ms="41795" started-at="2019-11-24T02:08:08 EST" finished-at="2019-11-24T02:08:50 EST">
      <class name="AmazonTest.amazonCartTest">
        <test-method status="PASS" signature="setupbrowser(java.lang.String)[pri:0, instance:AmazonTest.amazonCartTest@2758fe70]" name="setupbrowser" is-config="true" duration-ms="7322" started-at="2019-11-24T02:08:08 EST" finished-at="2019-11-24T02:08:16 EST">
          <params>
            <param index="0">
              <value>
                <![CDATA[chrome]]>
              </value>
            </param>
          </params>
          <reporter-output>
          </reporter-output>
        </test-method> <!-- setupbrowser -->
        <test-method status="PASS" signature="AddToCart()[pri:0, instance:AmazonTest.amazonCartTest@2758fe70]" name="AddToCart" duration-ms="28208" started-at="2019-11-24T02:08:16 EST" finished-at="2019-11-24T02:08:44 EST">
          <reporter-output>
          </reporter-output>
        </test-method> <!-- AddToCart -->
        <test-method status="PASS" signature="closebrower()[pri:0, instance:AmazonTest.amazonCartTest@2758fe70]" name="closebrower" is-config="true" duration-ms="224" started-at="2019-11-24T02:08:44 EST" finished-at="2019-11-24T02:08:44 EST">
          <reporter-output>
          </reporter-output>
        </test-method> <!-- closebrower -->
      </class> <!-- AmazonTest.amazonCartTest -->
      <class name="AmazonTest.AmazonSignin">
        <test-method status="PASS" signature="setupbrowser(java.lang.String)[pri:0, instance:AmazonTest.AmazonSignin@578486a3]" name="setupbrowser" is-config="true" duration-ms="4618" started-at="2019-11-24T02:08:44 EST" finished-at="2019-11-24T02:08:49 EST">
          <params>
            <param index="0">
              <value>
                <![CDATA[chrome]]>
              </value>
            </param>
          </params>
          <reporter-output>
          </reporter-output>
        </test-method> <!-- setupbrowser -->
        <test-method status="PASS" signature="azSignIn()[pri:0, instance:AmazonTest.AmazonSignin@578486a3]" name="azSignIn" duration-ms="1056" started-at="2019-11-24T02:08:49 EST" finished-at="2019-11-24T02:08:50 EST">
          <reporter-output>
          </reporter-output>
        </test-method> <!-- azSignIn -->
        <test-method status="PASS" signature="closebrower()[pri:0, instance:AmazonTest.AmazonSignin@578486a3]" name="closebrower" is-config="true" duration-ms="211" started-at="2019-11-24T02:08:50 EST" finished-at="2019-11-24T02:08:50 EST">
          <reporter-output>
          </reporter-output>
        </test-method> <!-- closebrower -->
      </class> <!-- AmazonTest.AmazonSignin -->
      <class name="AmazonTest.AmazonHomepage$AmazonHmPage">
        <test-method status="PASS" signature="AzHomepage()[pri:0, instance:AmazonTest.AmazonHomepage$AmazonHmPage@1f36e637]" name="AzHomepage" duration-ms="2" started-at="2019-11-24T02:08:44 EST" finished-at="2019-11-24T02:08:44 EST">
          <reporter-output>
          </reporter-output>
        </test-method> <!-- AzHomepage -->
        <test-method status="PASS" signature="AzLogin()[pri:0, instance:AmazonTest.AmazonHomepage$AmazonHmPage@1f36e637]" name="AzLogin" duration-ms="2" started-at="2019-11-24T02:08:44 EST" finished-at="2019-11-24T02:08:44 EST">
          <reporter-output>
          </reporter-output>
        </test-method> <!-- AzLogin -->
        <test-method status="PASS" signature="amazonlogoTest()[pri:0, instance:AmazonTest.AmazonHomepage$AmazonHmPage@1f36e637]" name="amazonlogoTest" duration-ms="2" started-at="2019-11-24T02:08:44 EST" finished-at="2019-11-24T02:08:44 EST">
          <reporter-output>
          </reporter-output>
        </test-method> <!-- amazonlogoTest -->
        <test-method status="PASS" signature="demo()[pri:0, instance:AmazonTest.AmazonHomepage$AmazonHmPage@1f36e637]" name="demo" duration-ms="4" started-at="2019-11-24T02:08:44 EST" finished-at="2019-11-24T02:08:44 EST">
          <reporter-output>
          </reporter-output>
        </test-method> <!-- demo -->
        <test-method status="PASS" signature="demo2()[pri:0, instance:AmazonTest.AmazonHomepage$AmazonHmPage@1f36e637]" name="demo2" duration-ms="10" started-at="2019-11-24T02:08:44 EST" finished-at="2019-11-24T02:08:44 EST">
          <reporter-output>
          </reporter-output>
        </test-method> <!-- demo2 -->
        <test-method status="PASS" signature="demo3()[pri:0, instance:AmazonTest.AmazonHomepage$AmazonHmPage@1f36e637]" name="demo3" duration-ms="12" started-at="2019-11-24T02:08:44 EST" finished-at="2019-11-24T02:08:44 EST">
          <reporter-output>
          </reporter-output>
        </test-method> <!-- demo3 -->
        <test-method status="PASS" signature="demo4()[pri:0, instance:AmazonTest.AmazonHomepage$AmazonHmPage@1f36e637]" name="demo4" duration-ms="3" started-at="2019-11-24T02:08:44 EST" finished-at="2019-11-24T02:08:44 EST">
          <reporter-output>
          </reporter-output>
        </test-method> <!-- demo4 -->
        <test-method status="PASS" signature="tittle()[pri:0, instance:AmazonTest.AmazonHomepage$AmazonHmPage@1f36e637]" name="tittle" duration-ms="1" started-at="2019-11-24T02:08:44 EST" finished-at="2019-11-24T02:08:44 EST">
          <reporter-output>
          </reporter-output>
        </test-method> <!-- tittle -->
      </class> <!-- AmazonTest.AmazonHomepage$AmazonHmPage -->
    </test> <!-- Test1 -->
  </suite> <!-- testng -->
</testng-results>
